Setting wire: dr
Setting wire: kh
Setting wire: eq
Setting wire: b
Setting wire: gt
Setting wire: dp
Setting wire: ej
Setting wire: ag
Setting wire: ka
Setting wire: lg
Setting wire: ac
Setting wire: el
Setting wire: bk
Setting wire: km
Setting wire: co
Setting wire: gq
Setting wire: ct
Setting wire: es
Setting wire: ln
Setting wire: ek
Setting wire: dj
Setting wire: fj
Setting wire: kj
Setting wire: jz
Setting wire: fu
Setting wire: fv
Setting wire: hs
Setting wire: cm
Setting wire: js
Setting wire: jc
Setting wire: iu
Setting wire: lf
Setting wire: fd
Setting wire: dn
Setting wire: bz
Setting wire: am
Setting wire: ch
Setting wire: kc
Setting wire: cu
Setting wire: gy
Setting wire: dm
Setting wire: aa
Setting wire: eu
Setting wire: aq
Setting wire: ih
Setting wire: ce
Setting wire: af
Setting wire: cb
Setting wire: h
Setting wire: ii
Setting wire: cn
Setting wire: ji
Setting wire: ab
Setting wire: eo
Setting wire: ie
Setting wire: ei
Setting wire: jb
Setting wire: bc
Setting wire: hb
Setting wire: cy
Setting wire: ay
Setting wire: ex
Setting wire: bo
Setting wire: et
Setting wire: fb
Setting wire: kb
Setting wire: ed
Setting wire: n
Setting wire: ev
Setting wire: ew
Setting wire: is
Setting wire: kk
Setting wire: i
Setting wire: lz
Setting wire: bl
Setting wire: hy
Setting wire: iz
Setting wire: ly
Setting wire: fw
Setting wire: an
Setting wire: bj
Setting wire: ao
Setting wire: f
Setting wire: jy
Setting wire: iw
Setting wire: ik
Setting wire: ja
Setting wire: dl
Setting wire: jg
Setting wire: bf
Setting wire: e
Setting wire: jx
Setting wire: jd
Setting wire: ci
Setting wire: jh
Setting wire: a
Setting wire: cd
Setting wire: ma
Setting wire: em
Setting wire: bi
Setting wire: fe
Setting wire: lr
Setting wire: bp
Setting wire: ca
Setting wire: ai
Setting wire: cz
Setting wire: dy
Setting wire: gw
Setting wire: jj
Setting wire: jt
Setting wire: bn
Setting wire: gk
Setting wire: cq
Setting wire: gv
Setting wire: o
Setting wire: r
Setting wire: bm
Setting wire: er
Setting wire: cx
Setting wire: iy
Setting wire: he
Setting wire: c
Setting wire: dd
Setting wire: kl
Setting wire: fk
Setting wire: eg
Setting wire: ee
Setting wire: lx
Setting wire: fz
Setting wire: eh
Setting wire: jr
Setting wire: lo
Setting wire: cj
Setting wire: bh
Setting wire: lw
Setting wire: hp
Setting wire: ju
Setting wire: ip
Setting wire: cp
Setting wire: id
Setting wire: bg
Setting wire: fr
Setting wire: it
Setting wire: jw
Setting wire: jf
Setting wire: dv
Setting wire: fy
Setting wire: az
Setting wire: gi
Setting wire: al
Setting wire: fo
Setting wire: fi
Setting wire: cl
Setting wire: da
Setting wire: ez
Setting wire: jv
Setting wire: lt
Setting wire: kx
Setting wire: ij
Setting wire: kt
Setting wire: jo
Setting wire: g
Setting wire: bt
Setting wire: hl
Setting wire: il
Setting wire: en
Setting wire: ap
Setting wire: ep
Setting wire: ar
Setting wire: gh
Setting wire: in
Setting wire: ld
Setting wire: iq
Setting wire: ef
Setting wire: hv
Setting wire: ke
Setting wire: ak
Setting wire: dq
Setting wire: as
Setting wire: ir
Setting wire: do
Setting wire: ix
Setting wire: be
Setting wire: gp
Setting wire: fl
Setting wire: kg
Setting wire: cw
Setting wire: ds
Setting wire: dx
Setting wire: fm
Setting wire: ea
Setting wire: fx
Setting wire: q
Setting wire: de
Setting wire: fc
Setting wire: bd
Setting wire: dk
Setting wire: lu
Setting wire: hx
Setting wire: fa
Setting wire: dh
Setting wire: fn
Setting wire: ky
Setting wire: gr
Setting wire: dz
Setting wire: gj
Setting wire: lm
Setting wire: aj
Setting wire: cc
Setting wire: lv
Setting wire: au
Setting wire: cf
Setting wire: io
Setting wire: dw
Setting wire: lp
Setting wire: t
Setting wire: df
Setting wire: dg
Setting wire: lk
Setting wire: li
Setting wire: eb
Setting wire: ku
Setting wire: ba
Setting wire: z
Setting wire: ll
Setting wire: lc
Setting wire: s
Setting wire: lj
Setting wire: lq
Setting wire: kn
Setting wire: ec
Setting wire: cv
Setting wire: d
Setting wire: ki
Setting wire: cs
Setting wire: je
Setting wire: jq
Setting wire: jp
Setting wire: lh
Setting wire: dt
Setting wire: ls
Setting wire: le
Setting wire: fh
Setting wire: bb
Setting wire: ax
Setting wire: kz
Setting wire: x
Setting wire: kw
Setting wire: kv
Setting wire: lb
Setting wire: la
Setting wire: kd
Setting wire: y
Setting wire: ff
Setting wire: fg
Setting wire: ad
Setting wire: jm
Setting wire: jk
Setting wire: cg
Setting wire: kq
Setting wire: ck
Setting wire: ey
Setting wire: kf
Setting wire: cr
Setting wire: jl
Setting wire: gx
Setting wire: at
Setting wire: jn
Setting wire: dc
Setting wire: hi
Setting wire: db
Setting wire: aw
Setting wire: kp
Setting wire: hc
Setting wire: iv
Setting wire: ae
Setting wire: du
Setting wire: bx
Setting wire: ko
Setting wire: kr
Setting wire: by
Setting wire: ks
Setting wire: hu
Setting wire: di
Setting wire: ah
Setting wire: k
Setting wire: l
Setting wire: p
Setting wire: gg
Setting wire: ha
Setting wire: bq
Setting wire: bv
Setting wire: gz
Setting wire: w
Setting wire: if
Setting wire: av
Setting wire: bw
Setting wire: im
Setting wire: bs
Setting wire: v
Setting wire: m
Setting wire: br
Setting wire: j
Setting wire: bu
Setting wire: u
Setting wire: ic
Setting wire: gs
Setting wire: gf
Setting wire: hg
Setting wire: hd
Setting wire: hm
Setting wire: ge
Setting wire: ga
Setting wire: ig
Setting wire: gb
Setting wire: gu
Setting wire: hq
Setting wire: ft
Setting wire: gd
Setting wire: fp
Setting wire: gn
Setting wire: hj
Setting wire: ho
Setting wire: go
Setting wire: hh
Setting wire: gc
Setting wire: ht
Setting wire: ib
Setting wire: ia
Setting wire: fs
Setting wire: hz
Setting wire: hr
Setting wire: gm
Setting wire: hn
Setting wire: hw
Setting wire: hk
Setting wire: gl
Setting wire: fq
Setting wire: hf
Line not found: 
Resolving a
{ op: 'VAL', x: 'lx', y: 0, resolved: false }
Resolving lx
{ op: 'OR', x: 'lw', y: 'lv', resolved: false }
Resolving lw
{ op: 'LSHIFT', x: 'lc', y: '1', resolved: false }
Resolving lc
{ op: 'OR', x: 'lb', y: 'la', resolved: false }
Resolving lb
{ op: 'LSHIFT', x: 'kh', y: '1', resolved: false }
Resolving kh
{ op: 'OR', x: 'kg', y: 'kf', resolved: false }
Resolving kg
{ op: 'LSHIFT', x: 'jm', y: '1', resolved: false }
Resolving jm
{ op: 'OR', x: 'jl', y: 'jk', resolved: false }
Resolving jl
{ op: 'LSHIFT', x: 'ir', y: '1', resolved: false }
Resolving ir
{ op: 'OR', x: 'iq', y: 'ip', resolved: false }
Resolving iq
{ op: 'LSHIFT', x: 'hw', y: '1', resolved: false }
Resolving hw
{ op: 'OR', x: 'hv', y: 'hu', resolved: false }
Resolving hv
{ op: 'LSHIFT', x: 'hb', y: '1', resolved: false }
Resolving hb
{ op: 'OR', x: 'ha', y: 'gz', resolved: false }
Resolving ha
{ op: 'LSHIFT', x: 'gg', y: '1', resolved: false }
Resolving gg
{ op: 'OR', x: 'gf', y: 'ge', resolved: false }
Resolving gf
{ op: 'LSHIFT', x: 'fl', y: '1', resolved: false }
Resolving fl
{ op: 'OR', x: 'fk', y: 'fj', resolved: false }
Resolving fk
{ op: 'LSHIFT', x: 'eq', y: '1', resolved: false }
Resolving eq
{ op: 'OR', x: 'ep', y: 'eo', resolved: false }
Resolving ep
{ op: 'LSHIFT', x: 'dv', y: '1', resolved: false }
Resolving dv
{ op: 'OR', x: 'du', y: 'dt', resolved: false }
Resolving du
{ op: 'LSHIFT', x: 'da', y: '1', resolved: false }
Resolving da
{ op: 'OR', x: 'cz', y: 'cy', resolved: false }
Resolving cz
{ op: 'LSHIFT', x: 'cf', y: '1', resolved: false }
Resolving cf
{ op: 'OR', x: 'ce', y: 'cd', resolved: false }
Resolving ce
{ op: 'LSHIFT', x: 'bk', y: '1', resolved: false }
Resolving bk
{ op: 'OR', x: 'bj', y: 'bi', resolved: false }
Resolving bj
{ op: 'LSHIFT', x: 'ap', y: '1', resolved: false }
Resolving ap
{ op: 'OR', x: 'ao', y: 'an', resolved: false }
Resolving ao
{ op: 'LSHIFT', x: 'u', y: '1', resolved: false }
Resolving u
{ op: 'OR', x: 't', y: 's', resolved: false }
Resolving t
{ op: 'LSHIFT', x: 'c', y: '1', resolved: false }
Resolving c
{ op: 'VAL', x: '0', y: 0, resolved: false }
Resolving 0
Resolving 0
Resolving 1
Resolving s
{ op: 'AND', x: '1', y: 'r', resolved: false }
Resolving 1
Resolving r
{ op: 'AND', x: 'o', y: 'q', resolved: false }
Resolving o
{ op: 'OR', x: 'b', y: 'n', resolved: false }
Resolving b
{ op: 'VAL', x: '44430', y: 0, resolved: false }
Resolving 44430
Resolving 0
Resolving n
{ op: 'AND', x: 'k', y: 'm', resolved: false }
Resolving k
{ op: 'OR', x: 'd', y: 'j', resolved: false }
Resolving d
{ op: 'RSHIFT', x: 'b', y: '2', resolved: false }
Resolving b
{ op: 'VAL', x: '44430', y: 0, resolved: true, value: 44430 }
Resolving 2
Resolving j
{ op: 'AND', x: 'g', y: 'i', resolved: false }
Resolving g
{ op: 'OR', x: 'e', y: 'f', resolved: false }
Resolving e
{ op: 'RSHIFT', x: 'b', y: '3', resolved: false }
Resolving b
{ op: 'VAL', x: '44430', y: 0, resolved: true, value: 44430 }
Resolving 3
Resolving f
{ op: 'RSHIFT', x: 'b', y: '5', resolved: false }
Resolving b
{ op: 'VAL', x: '44430', y: 0, resolved: true, value: 44430 }
Resolving 5
Resolving i
{ op: 'NOT', x: 'h', y: 0, resolved: false }
Resolving h
{ op: 'AND', x: 'e', y: 'f', resolved: false }
Resolving e
{ op: 'RSHIFT', x: 'b', y: '3', resolved: true, value: 27760 }
Resolving f
{ op: 'RSHIFT', x: 'b', y: '5', resolved: true, value: 45504 }
Resolving 0
Resolving m
{ op: 'NOT', x: 'l', y: 0, resolved: false }
Resolving l
{ op: 'AND', x: 'd', y: 'j', resolved: false }
Resolving d
{ op: 'RSHIFT', x: 'b', y: '2', resolved: true, value: 46648 }
Resolving j
{ op: 'AND', x: 'g', y: 'i', resolved: true, value: 56752 }
Resolving 0
Resolving q
{ op: 'NOT', x: 'p', y: 0, resolved: false }
Resolving p
{ op: 'AND', x: 'b', y: 'n', resolved: false }
Resolving b
{ op: 'VAL', x: '44430', y: 0, resolved: true, value: 44430 }
Resolving n
{ op: 'AND', x: 'k', y: 'm', resolved: true, value: 27528 }
Resolving 0
Resolving 1
Resolving an
{ op: 'AND', x: '1', y: 'am', resolved: false }
Resolving 1
Resolving am
{ op: 'AND', x: 'aj', y: 'al', resolved: false }
Resolving aj
{ op: 'OR', x: 'x', y: 'ai', resolved: false }
Resolving x
{ op: 'OR', x: 'v', y: 'w', resolved: false }
Resolving v
{ op: 'RSHIFT', x: 'b', y: '1', resolved: false }
Resolving b
{ op: 'VAL', x: '44430', y: 0, resolved: true, value: 44430 }
Resolving 1
Resolving w
{ op: 'LSHIFT', x: 's', y: '15', resolved: false }
Resolving s
{ op: 'AND', x: '1', y: 'r', resolved: true, value: 0 }
Resolving 15
Resolving ai
{ op: 'AND', x: 'af', y: 'ah', resolved: false }
Resolving af
{ op: 'OR', x: 'y', y: 'ae', resolved: false }
Resolving y
{ op: 'RSHIFT', x: 'x', y: '2', resolved: false }
Resolving x
{ op: 'OR', x: 'v', y: 'w', resolved: true, value: 23324 }
Resolving 2
Resolving ae
{ op: 'AND', x: 'ab', y: 'ad', resolved: false }
Resolving ab
{ op: 'OR', x: 'z', y: 'aa', resolved: false }
Resolving z
{ op: 'RSHIFT', x: 'x', y: '3', resolved: false }
Resolving x
{ op: 'OR', x: 'v', y: 'w', resolved: true, value: 23324 }
Resolving 3
Resolving aa
{ op: 'RSHIFT', x: 'x', y: '5', resolved: false }
Resolving x
{ op: 'OR', x: 'v', y: 'w', resolved: true, value: 23324 }
Resolving 5
Resolving ad
{ op: 'NOT', x: 'ac', y: 0, resolved: false }
Resolving ac
{ op: 'AND', x: 'z', y: 'aa', resolved: false }
Resolving z
{ op: 'RSHIFT', x: 'x', y: '3', resolved: true, value: 55520 }
Resolving aa
{ op: 'RSHIFT', x: 'x', y: '5', resolved: true, value: 25472 }
Resolving 0
Resolving ah
{ op: 'NOT', x: 'ag', y: 0, resolved: false }
Resolving ag
{ op: 'AND', x: 'y', y: 'ae', resolved: false }
Resolving y
{ op: 'RSHIFT', x: 'x', y: '2', resolved: true, value: 27760 }
Resolving ae
{ op: 'AND', x: 'ab', y: 'ad', resolved: true, value: 47968 }
Resolving 0
Resolving al
{ op: 'NOT', x: 'ak', y: 0, resolved: false }
Resolving ak
{ op: 'AND', x: 'x', y: 'ai', resolved: false }
Resolving x
{ op: 'OR', x: 'v', y: 'w', resolved: true, value: 23324 }
Resolving ai
{ op: 'AND', x: 'af', y: 'ah', resolved: true, value: 55056 }
Resolving 0
Resolving 1
Resolving bi
{ op: 'AND', x: '1', y: 'bh', resolved: false }
Resolving 1
Resolving bh
{ op: 'AND', x: 'be', y: 'bg', resolved: false }
Resolving be
{ op: 'OR', x: 'as', y: 'bd', resolved: false }
Resolving as
{ op: 'OR', x: 'aq', y: 'ar', resolved: false }
Resolving aq
{ op: 'RSHIFT', x: 'x', y: '1', resolved: false }
Resolving x
{ op: 'OR', x: 'v', y: 'w', resolved: true, value: 23324 }
Resolving 1
Resolving ar
{ op: 'LSHIFT', x: 'an', y: '15', resolved: false }
Resolving an
{ op: 'AND', x: '1', y: 'am', resolved: true, value: 0 }
Resolving 15
Resolving bd
{ op: 'AND', x: 'ba', y: 'bc', resolved: false }
Resolving ba
{ op: 'OR', x: 'at', y: 'az', resolved: false }
Resolving at
{ op: 'RSHIFT', x: 'as', y: '2', resolved: false }
Resolving as
{ op: 'OR', x: 'aq', y: 'ar', resolved: true, value: 46648 }
Resolving 2
Resolving az
{ op: 'AND', x: 'aw', y: 'ay', resolved: false }
Resolving aw
{ op: 'OR', x: 'au', y: 'av', resolved: false }
Resolving au
{ op: 'RSHIFT', x: 'as', y: '3', resolved: false }
Resolving as
{ op: 'OR', x: 'aq', y: 'ar', resolved: true, value: 46648 }
Resolving 3
Resolving av
{ op: 'RSHIFT', x: 'as', y: '5', resolved: false }
Resolving as
{ op: 'OR', x: 'aq', y: 'ar', resolved: true, value: 46648 }
Resolving 5
Resolving ay
{ op: 'NOT', x: 'ax', y: 0, resolved: false }
Resolving ax
{ op: 'AND', x: 'au', y: 'av', resolved: false }
Resolving au
{ op: 'RSHIFT', x: 'as', y: '3', resolved: true, value: 45504 }
Resolving av
{ op: 'RSHIFT', x: 'as', y: '5', resolved: true, value: 50944 }
Resolving 0
Resolving bc
{ op: 'NOT', x: 'bb', y: 0, resolved: false }
Resolving bb
{ op: 'AND', x: 'at', y: 'az', resolved: false }
Resolving at
{ op: 'RSHIFT', x: 'as', y: '2', resolved: true, value: 55520 }
Resolving az
{ op: 'AND', x: 'aw', y: 'ay', resolved: true, value: 30400 }
Resolving 0
Resolving bg
{ op: 'NOT', x: 'bf', y: 0, resolved: false }
Resolving bf
{ op: 'AND', x: 'as', y: 'bd', resolved: false }
Resolving as
{ op: 'OR', x: 'aq', y: 'ar', resolved: true, value: 46648 }
Resolving bd
{ op: 'AND', x: 'ba', y: 'bc', resolved: true, value: 44576 }
Resolving 0
Resolving 1
Resolving cd
{ op: 'AND', x: '1', y: 'cc', resolved: false }
Resolving 1
Resolving cc
{ op: 'AND', x: 'bz', y: 'cb', resolved: false }
Resolving bz
{ op: 'OR', x: 'bn', y: 'by', resolved: false }
Resolving bn
{ op: 'OR', x: 'bl', y: 'bm', resolved: false }
Resolving bl
{ op: 'RSHIFT', x: 'as', y: '1', resolved: false }
Resolving as
{ op: 'OR', x: 'aq', y: 'ar', resolved: true, value: 46648 }
Resolving 1
Resolving bm
{ op: 'LSHIFT', x: 'bi', y: '15', resolved: false }
Resolving bi
{ op: 'AND', x: '1', y: 'bh', resolved: true, value: 0 }
Resolving 15
Resolving by
{ op: 'AND', x: 'bv', y: 'bx', resolved: false }
Resolving bv
{ op: 'OR', x: 'bo', y: 'bu', resolved: false }
Resolving bo
{ op: 'RSHIFT', x: 'bn', y: '2', resolved: false }
Resolving bn
{ op: 'OR', x: 'bl', y: 'bm', resolved: true, value: 27760 }
Resolving 2
Resolving bu
{ op: 'AND', x: 'br', y: 'bt', resolved: false }
Resolving br
{ op: 'OR', x: 'bp', y: 'bq', resolved: false }
Resolving bp
{ op: 'RSHIFT', x: 'bn', y: '3', resolved: false }
Resolving bn
{ op: 'OR', x: 'bl', y: 'bm', resolved: true, value: 27760 }
Resolving 3
Resolving bq
{ op: 'RSHIFT', x: 'bn', y: '5', resolved: false }
Resolving bn
{ op: 'OR', x: 'bl', y: 'bm', resolved: true, value: 27760 }
Resolving 5
Resolving bt
{ op: 'NOT', x: 'bs', y: 0, resolved: false }
Resolving bs
{ op: 'AND', x: 'bp', y: 'bq', resolved: false }
Resolving bp
{ op: 'RSHIFT', x: 'bn', y: '3', resolved: true, value: 25472 }
Resolving bq
{ op: 'RSHIFT', x: 'bn', y: '5', resolved: true, value: 36352 }
Resolving 0
Resolving bx
{ op: 'NOT', x: 'bw', y: 0, resolved: false }
Resolving bw
{ op: 'AND', x: 'bo', y: 'bu', resolved: false }
Resolving bo
{ op: 'RSHIFT', x: 'bn', y: '2', resolved: true, value: 45504 }
Resolving bu
{ op: 'AND', x: 'br', y: 'bt', resolved: true, value: 60800 }
Resolving 0
Resolving cb
{ op: 'NOT', x: 'ca', y: 0, resolved: false }
Resolving ca
{ op: 'AND', x: 'bn', y: 'by', resolved: false }
Resolving bn
{ op: 'OR', x: 'bl', y: 'bm', resolved: true, value: 27760 }
Resolving by
{ op: 'AND', x: 'bv', y: 'bx', resolved: true, value: 23616 }
Resolving 0
Resolving 1
Resolving cy
{ op: 'AND', x: '1', y: 'cx', resolved: false }
Resolving 1
Resolving cx
{ op: 'AND', x: 'cu', y: 'cw', resolved: false }
Resolving cu
{ op: 'OR', x: 'ci', y: 'ct', resolved: false }
Resolving ci
{ op: 'OR', x: 'cg', y: 'ch', resolved: false }
Resolving cg
{ op: 'RSHIFT', x: 'bn', y: '1', resolved: false }
Resolving bn
{ op: 'OR', x: 'bl', y: 'bm', resolved: true, value: 27760 }
Resolving 1
Resolving ch
{ op: 'LSHIFT', x: 'cd', y: '15', resolved: false }
Resolving cd
{ op: 'AND', x: '1', y: 'cc', resolved: true, value: 0 }
Resolving 15
Resolving ct
{ op: 'AND', x: 'cq', y: 'cs', resolved: false }
Resolving cq
{ op: 'OR', x: 'cj', y: 'cp', resolved: false }
Resolving cj
{ op: 'RSHIFT', x: 'ci', y: '2', resolved: false }
Resolving ci
{ op: 'OR', x: 'cg', y: 'ch', resolved: true, value: 55520 }
Resolving 2
Resolving cp
{ op: 'AND', x: 'cm', y: 'co', resolved: false }
Resolving cm
{ op: 'OR', x: 'ck', y: 'cl', resolved: false }
Resolving ck
{ op: 'RSHIFT', x: 'ci', y: '3', resolved: false }
Resolving ci
{ op: 'OR', x: 'cg', y: 'ch', resolved: true, value: 55520 }
Resolving 3
Resolving cl
{ op: 'RSHIFT', x: 'ci', y: '5', resolved: false }
Resolving ci
{ op: 'OR', x: 'cg', y: 'ch', resolved: true, value: 55520 }
Resolving 5
Resolving co
{ op: 'NOT', x: 'cn', y: 0, resolved: false }
Resolving cn
{ op: 'AND', x: 'ck', y: 'cl', resolved: false }
Resolving ck
{ op: 'RSHIFT', x: 'ci', y: '3', resolved: true, value: 50944 }
Resolving cl
{ op: 'RSHIFT', x: 'ci', y: '5', resolved: true, value: 7168 }
Resolving 0
Resolving cs
{ op: 'NOT', x: 'cr', y: 0, resolved: false }
Resolving cr
{ op: 'AND', x: 'cj', y: 'cp', resolved: false }
Resolving cj
{ op: 'RSHIFT', x: 'ci', y: '2', resolved: true, value: 25472 }
Resolving cp
{ op: 'AND', x: 'cm', y: 'co', resolved: true, value: 56064 }
Resolving 0
Resolving cw
{ op: 'NOT', x: 'cv', y: 0, resolved: false }
Resolving cv
{ op: 'AND', x: 'ci', y: 'ct', resolved: false }
Resolving ci
{ op: 'OR', x: 'cg', y: 'ch', resolved: true, value: 55520 }
Resolving ct
{ op: 'AND', x: 'cq', y: 'cs', resolved: true, value: 47232 }
Resolving 0
Resolving 1
Resolving dt
{ op: 'AND', x: '1', y: 'ds', resolved: false }
Resolving 1
Resolving ds
{ op: 'AND', x: 'dp', y: 'dr', resolved: false }
Resolving dp
{ op: 'OR', x: 'dd', y: 'do', resolved: false }
Resolving dd
{ op: 'OR', x: 'db', y: 'dc', resolved: false }
Resolving db
{ op: 'RSHIFT', x: 'ci', y: '1', resolved: false }
Resolving ci
{ op: 'OR', x: 'cg', y: 'ch', resolved: true, value: 55520 }
Resolving 1
Resolving dc
{ op: 'LSHIFT', x: 'cy', y: '15', resolved: false }
Resolving cy
{ op: 'AND', x: '1', y: 'cx', resolved: true, value: 0 }
Resolving 15
Resolving do
{ op: 'AND', x: 'dl', y: 'dn', resolved: false }
Resolving dl
{ op: 'OR', x: 'de', y: 'dk', resolved: false }
Resolving de
{ op: 'RSHIFT', x: 'dd', y: '2', resolved: false }
Resolving dd
{ op: 'OR', x: 'db', y: 'dc', resolved: true, value: 45504 }
Resolving 2
Resolving dk
{ op: 'AND', x: 'dh', y: 'dj', resolved: false }
Resolving dh
{ op: 'OR', x: 'df', y: 'dg', resolved: false }
Resolving df
{ op: 'RSHIFT', x: 'dd', y: '3', resolved: false }
Resolving dd
{ op: 'OR', x: 'db', y: 'dc', resolved: true, value: 45504 }
Resolving 3
Resolving dg
{ op: 'RSHIFT', x: 'dd', y: '5', resolved: false }
Resolving dd
{ op: 'OR', x: 'db', y: 'dc', resolved: true, value: 45504 }
Resolving 5
Resolving dj
{ op: 'NOT', x: 'di', y: 0, resolved: false }
Resolving di
{ op: 'AND', x: 'df', y: 'dg', resolved: false }
Resolving df
{ op: 'RSHIFT', x: 'dd', y: '3', resolved: true, value: 36352 }
Resolving dg
{ op: 'RSHIFT', x: 'dd', y: '5', resolved: true, value: 14336 }
Resolving 0
Resolving dn
{ op: 'NOT', x: 'dm', y: 0, resolved: false }
Resolving dm
{ op: 'AND', x: 'de', y: 'dk', resolved: false }
Resolving de
{ op: 'RSHIFT', x: 'dd', y: '2', resolved: true, value: 50944 }
Resolving dk
{ op: 'AND', x: 'dh', y: 'dj', resolved: true, value: 46592 }
Resolving 0
Resolving dr
{ op: 'NOT', x: 'dq', y: 0, resolved: false }
Resolving dq
{ op: 'AND', x: 'dd', y: 'do', resolved: false }
Resolving dd
{ op: 'OR', x: 'db', y: 'dc', resolved: true, value: 45504 }
Resolving do
{ op: 'AND', x: 'dl', y: 'dn', resolved: true, value: 28928 }
Resolving 0
Resolving 1
Resolving eo
{ op: 'AND', x: '1', y: 'en', resolved: false }
Resolving 1
Resolving en
{ op: 'AND', x: 'ek', y: 'em', resolved: false }
Resolving ek
{ op: 'OR', x: 'dy', y: 'ej', resolved: false }
Resolving dy
{ op: 'OR', x: 'dw', y: 'dx', resolved: false }
Resolving dw
{ op: 'RSHIFT', x: 'dd', y: '1', resolved: false }
Resolving dd
{ op: 'OR', x: 'db', y: 'dc', resolved: true, value: 45504 }
Resolving 1
Resolving dx
{ op: 'LSHIFT', x: 'dt', y: '15', resolved: false }
Resolving dt
{ op: 'AND', x: '1', y: 'ds', resolved: true, value: 0 }
Resolving 15
Resolving ej
{ op: 'AND', x: 'eg', y: 'ei', resolved: false }
Resolving eg
{ op: 'OR', x: 'dz', y: 'ef', resolved: false }
Resolving dz
{ op: 'RSHIFT', x: 'dy', y: '2', resolved: false }
Resolving dy
{ op: 'OR', x: 'dw', y: 'dx', resolved: true, value: 25472 }
Resolving 2
Resolving ef
{ op: 'AND', x: 'ec', y: 'ee', resolved: false }
Resolving ec
{ op: 'OR', x: 'ea', y: 'eb', resolved: false }
Resolving ea
{ op: 'RSHIFT', x: 'dy', y: '3', resolved: false }
Resolving dy
{ op: 'OR', x: 'dw', y: 'dx', resolved: true, value: 25472 }
Resolving 3
Resolving eb
{ op: 'RSHIFT', x: 'dy', y: '5', resolved: false }
Resolving dy
{ op: 'OR', x: 'dw', y: 'dx', resolved: true, value: 25472 }
Resolving 5
Resolving ee
{ op: 'NOT', x: 'ed', y: 0, resolved: false }
Resolving ed
{ op: 'AND', x: 'ea', y: 'eb', resolved: false }
Resolving ea
{ op: 'RSHIFT', x: 'dy', y: '3', resolved: true, value: 7168 }
Resolving eb
{ op: 'RSHIFT', x: 'dy', y: '5', resolved: true, value: 28672 }
Resolving 0
Resolving ei
{ op: 'NOT', x: 'eh', y: 0, resolved: false }
Resolving eh
{ op: 'AND', x: 'dz', y: 'ef', resolved: false }
Resolving dz
{ op: 'RSHIFT', x: 'dy', y: '2', resolved: true, value: 36352 }
Resolving ef
{ op: 'AND', x: 'ec', y: 'ee', resolved: true, value: 27648 }
Resolving 0
Resolving em
{ op: 'NOT', x: 'el', y: 0, resolved: false }
Resolving el
{ op: 'AND', x: 'dy', y: 'ej', resolved: false }
Resolving dy
{ op: 'OR', x: 'dw', y: 'dx', resolved: true, value: 25472 }
Resolving ej
{ op: 'AND', x: 'eg', y: 'ei', resolved: true, value: 57856 }
Resolving 0
Resolving 1
Resolving fj
{ op: 'AND', x: '1', y: 'fi', resolved: false }
Resolving 1
Resolving fi
{ op: 'AND', x: 'ff', y: 'fh', resolved: false }
Resolving ff
{ op: 'OR', x: 'et', y: 'fe', resolved: false }
Resolving et
{ op: 'OR', x: 'er', y: 'es', resolved: false }
Resolving er
{ op: 'RSHIFT', x: 'dy', y: '1', resolved: false }
Resolving dy
{ op: 'OR', x: 'dw', y: 'dx', resolved: true, value: 25472 }
Resolving 1
Resolving es
{ op: 'LSHIFT', x: 'eo', y: '15', resolved: false }
Resolving eo
{ op: 'AND', x: '1', y: 'en', resolved: true, value: 0 }
Resolving 15
Resolving fe
{ op: 'AND', x: 'fb', y: 'fd', resolved: false }
Resolving fb
{ op: 'OR', x: 'eu', y: 'fa', resolved: false }
Resolving eu
{ op: 'RSHIFT', x: 'et', y: '2', resolved: false }
Resolving et
{ op: 'OR', x: 'er', y: 'es', resolved: true, value: 50944 }
Resolving 2
Resolving fa
{ op: 'AND', x: 'ex', y: 'ez', resolved: false }
Resolving ex
{ op: 'OR', x: 'ev', y: 'ew', resolved: false }
Resolving ev
{ op: 'RSHIFT', x: 'et', y: '3', resolved: false }
Resolving et
{ op: 'OR', x: 'er', y: 'es', resolved: true, value: 50944 }
Resolving 3
Resolving ew
{ op: 'RSHIFT', x: 'et', y: '5', resolved: false }
Resolving et
{ op: 'OR', x: 'er', y: 'es', resolved: true, value: 50944 }
Resolving 5
Resolving ez
{ op: 'NOT', x: 'ey', y: 0, resolved: false }
Resolving ey
{ op: 'AND', x: 'ev', y: 'ew', resolved: false }
Resolving ev
{ op: 'RSHIFT', x: 'et', y: '3', resolved: true, value: 14336 }
Resolving ew
{ op: 'RSHIFT', x: 'et', y: '5', resolved: true, value: 57344 }
Resolving 0
Resolving fd
{ op: 'NOT', x: 'fc', y: 0, resolved: false }
Resolving fc
{ op: 'AND', x: 'eu', y: 'fa', resolved: false }
Resolving eu
{ op: 'RSHIFT', x: 'et', y: '2', resolved: true, value: 7168 }
Resolving fa
{ op: 'AND', x: 'ex', y: 'ez', resolved: true, value: 55296 }
Resolving 0
Resolving fh
{ op: 'NOT', x: 'fg', y: 0, resolved: false }
Resolving fg
{ op: 'AND', x: 'et', y: 'fe', resolved: false }
Resolving et
{ op: 'OR', x: 'er', y: 'es', resolved: true, value: 50944 }
Resolving fe
{ op: 'AND', x: 'fb', y: 'fd', resolved: true, value: 50176 }
Resolving 0
Resolving 1
Resolving ge
{ op: 'AND', x: '1', y: 'gd', resolved: false }
Resolving 1
Resolving gd
{ op: 'AND', x: 'ga', y: 'gc', resolved: false }
Resolving ga
{ op: 'OR', x: 'fo', y: 'fz', resolved: false }
Resolving fo
{ op: 'OR', x: 'fm', y: 'fn', resolved: false }
Resolving fm
{ op: 'RSHIFT', x: 'et', y: '1', resolved: false }
Resolving et
{ op: 'OR', x: 'er', y: 'es', resolved: true, value: 50944 }
Resolving 1
Resolving fn
{ op: 'LSHIFT', x: 'fj', y: '15', resolved: false }
Resolving fj
{ op: 'AND', x: '1', y: 'fi', resolved: true, value: 0 }
Resolving 15
Resolving fz
{ op: 'AND', x: 'fw', y: 'fy', resolved: false }
Resolving fw
{ op: 'OR', x: 'fp', y: 'fv', resolved: false }
Resolving fp
{ op: 'RSHIFT', x: 'fo', y: '2', resolved: false }
Resolving fo
{ op: 'OR', x: 'fm', y: 'fn', resolved: true, value: 36352 }
Resolving 2
Resolving fv
{ op: 'AND', x: 'fs', y: 'fu', resolved: false }
Resolving fs
{ op: 'OR', x: 'fq', y: 'fr', resolved: false }
Resolving fq
{ op: 'RSHIFT', x: 'fo', y: '3', resolved: false }
Resolving fo
{ op: 'OR', x: 'fm', y: 'fn', resolved: true, value: 36352 }
Resolving 3
Resolving fr
{ op: 'RSHIFT', x: 'fo', y: '5', resolved: false }
Resolving fo
{ op: 'OR', x: 'fm', y: 'fn', resolved: true, value: 36352 }
Resolving 5
Resolving fu
{ op: 'NOT', x: 'ft', y: 0, resolved: false }
Resolving ft
{ op: 'AND', x: 'fq', y: 'fr', resolved: false }
Resolving fq
{ op: 'RSHIFT', x: 'fo', y: '3', resolved: true, value: 28672 }
Resolving fr
{ op: 'RSHIFT', x: 'fo', y: '5', resolved: true, value: 49152 }
Resolving 0
Resolving fy
{ op: 'NOT', x: 'fx', y: 0, resolved: false }
Resolving fx
{ op: 'AND', x: 'fp', y: 'fv', resolved: false }
Resolving fp
{ op: 'RSHIFT', x: 'fo', y: '2', resolved: true, value: 14336 }
Resolving fv
{ op: 'AND', x: 'fs', y: 'fu', resolved: true, value: 45056 }
Resolving 0
Resolving gc
{ op: 'NOT', x: 'gb', y: 0, resolved: false }
Resolving gb
{ op: 'AND', x: 'fo', y: 'fz', resolved: false }
Resolving fo
{ op: 'OR', x: 'fm', y: 'fn', resolved: true, value: 36352 }
Resolving fz
{ op: 'AND', x: 'fw', y: 'fy', resolved: true, value: 34816 }
Resolving 0
Resolving 1
Resolving gz
{ op: 'AND', x: '1', y: 'gy', resolved: false }
Resolving 1
Resolving gy
{ op: 'AND', x: 'gv', y: 'gx', resolved: false }
Resolving gv
{ op: 'OR', x: 'gj', y: 'gu', resolved: false }
Resolving gj
{ op: 'OR', x: 'gh', y: 'gi', resolved: false }
Resolving gh
{ op: 'RSHIFT', x: 'fo', y: '1', resolved: false }
Resolving fo
{ op: 'OR', x: 'fm', y: 'fn', resolved: true, value: 36352 }
Resolving 1
Resolving gi
{ op: 'LSHIFT', x: 'ge', y: '15', resolved: false }
Resolving ge
{ op: 'AND', x: '1', y: 'gd', resolved: true, value: 0 }
Resolving 15
Resolving gu
{ op: 'AND', x: 'gr', y: 'gt', resolved: false }
Resolving gr
{ op: 'OR', x: 'gk', y: 'gq', resolved: false }
Resolving gk
{ op: 'RSHIFT', x: 'gj', y: '2', resolved: false }
Resolving gj
{ op: 'OR', x: 'gh', y: 'gi', resolved: true, value: 7168 }
Resolving 2
Resolving gq
{ op: 'AND', x: 'gn', y: 'gp', resolved: false }
Resolving gn
{ op: 'OR', x: 'gl', y: 'gm', resolved: false }
Resolving gl
{ op: 'RSHIFT', x: 'gj', y: '3', resolved: false }
Resolving gj
{ op: 'OR', x: 'gh', y: 'gi', resolved: true, value: 7168 }
Resolving 3
Resolving gm
{ op: 'RSHIFT', x: 'gj', y: '5', resolved: false }
Resolving gj
{ op: 'OR', x: 'gh', y: 'gi', resolved: true, value: 7168 }
Resolving 5
Resolving gp
{ op: 'NOT', x: 'go', y: 0, resolved: false }
Resolving go
{ op: 'AND', x: 'gl', y: 'gm', resolved: false }
Resolving gl
{ op: 'RSHIFT', x: 'gj', y: '3', resolved: true, value: 57344 }
Resolving gm
{ op: 'RSHIFT', x: 'gj', y: '5', resolved: true, value: 32768 }
Resolving 0
Resolving gt
{ op: 'NOT', x: 'gs', y: 0, resolved: false }
Resolving gs
{ op: 'AND', x: 'gk', y: 'gq', resolved: false }
Resolving gk
{ op: 'RSHIFT', x: 'gj', y: '2', resolved: true, value: 28672 }
Resolving gq
{ op: 'AND', x: 'gn', y: 'gp', resolved: true, value: 24576 }
Resolving 0
Resolving gx
{ op: 'NOT', x: 'gw', y: 0, resolved: false }
Resolving gw
{ op: 'AND', x: 'gj', y: 'gu', resolved: false }
Resolving gj
{ op: 'OR', x: 'gh', y: 'gi', resolved: true, value: 7168 }
Resolving gu
{ op: 'AND', x: 'gr', y: 'gt', resolved: true, value: 4096 }
Resolving 0
Resolving 1
Resolving hu
{ op: 'AND', x: '1', y: 'ht', resolved: false }
Resolving 1
Resolving ht
{ op: 'AND', x: 'hq', y: 'hs', resolved: false }
Resolving hq
{ op: 'OR', x: 'he', y: 'hp', resolved: false }
Resolving he
{ op: 'OR', x: 'hc', y: 'hd', resolved: false }
Resolving hc
{ op: 'RSHIFT', x: 'gj', y: '1', resolved: false }
Resolving gj
{ op: 'OR', x: 'gh', y: 'gi', resolved: true, value: 7168 }
Resolving 1
Resolving hd
{ op: 'LSHIFT', x: 'gz', y: '15', resolved: false }
Resolving gz
{ op: 'AND', x: '1', y: 'gy', resolved: true, value: 0 }
Resolving 15
Resolving hp
{ op: 'AND', x: 'hm', y: 'ho', resolved: false }
Resolving hm
{ op: 'OR', x: 'hf', y: 'hl', resolved: false }
Resolving hf
{ op: 'RSHIFT', x: 'he', y: '2', resolved: false }
Resolving he
{ op: 'OR', x: 'hc', y: 'hd', resolved: true, value: 14336 }
Resolving 2
Resolving hl
{ op: 'AND', x: 'hi', y: 'hk', resolved: false }
Resolving hi
{ op: 'OR', x: 'hg', y: 'hh', resolved: false }
Resolving hg
{ op: 'RSHIFT', x: 'he', y: '3', resolved: false }
Resolving he
{ op: 'OR', x: 'hc', y: 'hd', resolved: true, value: 14336 }
Resolving 3
Resolving hh
{ op: 'RSHIFT', x: 'he', y: '5', resolved: false }
Resolving he
{ op: 'OR', x: 'hc', y: 'hd', resolved: true, value: 14336 }
Resolving 5
Resolving hk
{ op: 'NOT', x: 'hj', y: 0, resolved: false }
Resolving hj
{ op: 'AND', x: 'hg', y: 'hh', resolved: false }
Resolving hg
{ op: 'RSHIFT', x: 'he', y: '3', resolved: true, value: 49152 }
Resolving hh
{ op: 'RSHIFT', x: 'he', y: '5', resolved: true, value: 0 }
Resolving 0
Resolving ho
{ op: 'NOT', x: 'hn', y: 0, resolved: false }
Resolving hn
{ op: 'AND', x: 'hf', y: 'hl', resolved: false }
Resolving hf
{ op: 'RSHIFT', x: 'he', y: '2', resolved: true, value: 57344 }
Resolving hl
{ op: 'AND', x: 'hi', y: 'hk', resolved: true, value: 49152 }
Resolving 0
Resolving hs
{ op: 'NOT', x: 'hr', y: 0, resolved: false }
Resolving hr
{ op: 'AND', x: 'he', y: 'hp', resolved: false }
Resolving he
{ op: 'OR', x: 'hc', y: 'hd', resolved: true, value: 14336 }
Resolving hp
{ op: 'AND', x: 'hm', y: 'ho', resolved: true, value: 8192 }
Resolving 0
Resolving 1
Resolving ip
{ op: 'AND', x: '1', y: 'io', resolved: false }
Resolving 1
Resolving io
{ op: 'AND', x: 'il', y: 'in', resolved: false }
Resolving il
{ op: 'OR', x: 'hz', y: 'ik', resolved: false }
Resolving hz
{ op: 'OR', x: 'hx', y: 'hy', resolved: false }
Resolving hx
{ op: 'RSHIFT', x: 'he', y: '1', resolved: false }
Resolving he
{ op: 'OR', x: 'hc', y: 'hd', resolved: true, value: 14336 }
Resolving 1
Resolving hy
{ op: 'LSHIFT', x: 'hu', y: '15', resolved: false }
Resolving hu
{ op: 'AND', x: '1', y: 'ht', resolved: true, value: 0 }
Resolving 15
Resolving ik
{ op: 'AND', x: 'ih', y: 'ij', resolved: false }
Resolving ih
{ op: 'OR', x: 'ia', y: 'ig', resolved: false }
Resolving ia
{ op: 'RSHIFT', x: 'hz', y: '2', resolved: false }
Resolving hz
{ op: 'OR', x: 'hx', y: 'hy', resolved: true, value: 28672 }
Resolving 2
Resolving ig
{ op: 'AND', x: 'id', y: 'if', resolved: false }
Resolving id
{ op: 'OR', x: 'ib', y: 'ic', resolved: false }
Resolving ib
{ op: 'RSHIFT', x: 'hz', y: '3', resolved: false }
Resolving hz
{ op: 'OR', x: 'hx', y: 'hy', resolved: true, value: 28672 }
Resolving 3
Resolving ic
{ op: 'RSHIFT', x: 'hz', y: '5', resolved: false }
Resolving hz
{ op: 'OR', x: 'hx', y: 'hy', resolved: true, value: 28672 }
Resolving 5
Resolving if
{ op: 'NOT', x: 'ie', y: 0, resolved: false }
Resolving ie
{ op: 'AND', x: 'ib', y: 'ic', resolved: false }
Resolving ib
{ op: 'RSHIFT', x: 'hz', y: '3', resolved: true, value: 32768 }
Resolving ic
{ op: 'RSHIFT', x: 'hz', y: '5', resolved: true, value: 0 }
Resolving 0
Resolving ij
{ op: 'NOT', x: 'ii', y: 0, resolved: false }
Resolving ii
{ op: 'AND', x: 'ia', y: 'ig', resolved: false }
Resolving ia
{ op: 'RSHIFT', x: 'hz', y: '2', resolved: true, value: 49152 }
Resolving ig
{ op: 'AND', x: 'id', y: 'if', resolved: true, value: 32768 }
Resolving 0
Resolving in
{ op: 'NOT', x: 'im', y: 0, resolved: false }
Resolving im
{ op: 'AND', x: 'hz', y: 'ik', resolved: false }
Resolving hz
{ op: 'OR', x: 'hx', y: 'hy', resolved: true, value: 28672 }
Resolving ik
{ op: 'AND', x: 'ih', y: 'ij', resolved: true, value: 16384 }
Resolving 0
Resolving 1
Resolving jk
{ op: 'AND', x: '1', y: 'jj', resolved: false }
Resolving 1
Resolving jj
{ op: 'AND', x: 'jg', y: 'ji', resolved: false }
Resolving jg
{ op: 'OR', x: 'iu', y: 'jf', resolved: false }
Resolving iu
{ op: 'OR', x: 'is', y: 'it', resolved: false }
Resolving is
{ op: 'RSHIFT', x: 'hz', y: '1', resolved: false }
Resolving hz
{ op: 'OR', x: 'hx', y: 'hy', resolved: true, value: 28672 }
Resolving 1
Resolving it
{ op: 'LSHIFT', x: 'ip', y: '15', resolved: false }
Resolving ip
{ op: 'AND', x: '1', y: 'io', resolved: true, value: 0 }
Resolving 15
Resolving jf
{ op: 'AND', x: 'jc', y: 'je', resolved: false }
Resolving jc
{ op: 'OR', x: 'iv', y: 'jb', resolved: false }
Resolving iv
{ op: 'RSHIFT', x: 'iu', y: '2', resolved: false }
Resolving iu
{ op: 'OR', x: 'is', y: 'it', resolved: true, value: 57344 }
Resolving 2
Resolving jb
{ op: 'AND', x: 'iy', y: 'ja', resolved: false }
Resolving iy
{ op: 'OR', x: 'iw', y: 'ix', resolved: false }
Resolving iw
{ op: 'RSHIFT', x: 'iu', y: '3', resolved: false }
Resolving iu
{ op: 'OR', x: 'is', y: 'it', resolved: true, value: 57344 }
Resolving 3
Resolving ix
{ op: 'RSHIFT', x: 'iu', y: '5', resolved: false }
Resolving iu
{ op: 'OR', x: 'is', y: 'it', resolved: true, value: 57344 }
Resolving 5
Resolving ja
{ op: 'NOT', x: 'iz', y: 0, resolved: false }
Resolving iz
{ op: 'AND', x: 'iw', y: 'ix', resolved: false }
Resolving iw
{ op: 'RSHIFT', x: 'iu', y: '3', resolved: true, value: 0 }
Resolving ix
{ op: 'RSHIFT', x: 'iu', y: '5', resolved: true, value: 0 }
Resolving 0
Resolving je
{ op: 'NOT', x: 'jd', y: 0, resolved: false }
Resolving jd
{ op: 'AND', x: 'iv', y: 'jb', resolved: false }
Resolving iv
{ op: 'RSHIFT', x: 'iu', y: '2', resolved: true, value: 32768 }
Resolving jb
{ op: 'AND', x: 'iy', y: 'ja', resolved: true, value: 0 }
Resolving 0
Resolving ji
{ op: 'NOT', x: 'jh', y: 0, resolved: false }
Resolving jh
{ op: 'AND', x: 'iu', y: 'jf', resolved: false }
Resolving iu
{ op: 'OR', x: 'is', y: 'it', resolved: true, value: 57344 }
Resolving jf
{ op: 'AND', x: 'jc', y: 'je', resolved: true, value: 32768 }
Resolving 0
Resolving 1
Resolving kf
{ op: 'AND', x: '1', y: 'ke', resolved: false }
Resolving 1
Resolving ke
{ op: 'AND', x: 'kb', y: 'kd', resolved: false }
Resolving kb
{ op: 'OR', x: 'jp', y: 'ka', resolved: false }
Resolving jp
{ op: 'OR', x: 'jn', y: 'jo', resolved: false }
Resolving jn
{ op: 'RSHIFT', x: 'iu', y: '1', resolved: false }
Resolving iu
{ op: 'OR', x: 'is', y: 'it', resolved: true, value: 57344 }
Resolving 1
Resolving jo
{ op: 'LSHIFT', x: 'jk', y: '15', resolved: false }
Resolving jk
{ op: 'AND', x: '1', y: 'jj', resolved: true, value: 0 }
Resolving 15
Resolving ka
{ op: 'AND', x: 'jx', y: 'jz', resolved: false }
Resolving jx
{ op: 'OR', x: 'jq', y: 'jw', resolved: false }
Resolving jq
{ op: 'RSHIFT', x: 'jp', y: '2', resolved: false }
Resolving jp
{ op: 'OR', x: 'jn', y: 'jo', resolved: true, value: 49152 }
Resolving 2
Resolving jw
{ op: 'AND', x: 'jt', y: 'jv', resolved: false }
Resolving jt
{ op: 'OR', x: 'jr', y: 'js', resolved: false }
Resolving jr
{ op: 'RSHIFT', x: 'jp', y: '3', resolved: false }
Resolving jp
{ op: 'OR', x: 'jn', y: 'jo', resolved: true, value: 49152 }
Resolving 3
Resolving js
{ op: 'RSHIFT', x: 'jp', y: '5', resolved: false }
Resolving jp
{ op: 'OR', x: 'jn', y: 'jo', resolved: true, value: 49152 }
Resolving 5
Resolving jv
{ op: 'NOT', x: 'ju', y: 0, resolved: false }
Resolving ju
{ op: 'AND', x: 'jr', y: 'js', resolved: false }
Resolving jr
{ op: 'RSHIFT', x: 'jp', y: '3', resolved: true, value: 0 }
Resolving js
{ op: 'RSHIFT', x: 'jp', y: '5', resolved: true, value: 0 }
Resolving 0
Resolving jz
{ op: 'NOT', x: 'jy', y: 0, resolved: false }
Resolving jy
{ op: 'AND', x: 'jq', y: 'jw', resolved: false }
Resolving jq
{ op: 'RSHIFT', x: 'jp', y: '2', resolved: true, value: 0 }
Resolving jw
{ op: 'AND', x: 'jt', y: 'jv', resolved: true, value: 0 }
Resolving 0
Resolving kd
{ op: 'NOT', x: 'kc', y: 0, resolved: false }
Resolving kc
{ op: 'AND', x: 'jp', y: 'ka', resolved: false }
Resolving jp
{ op: 'OR', x: 'jn', y: 'jo', resolved: true, value: 49152 }
Resolving ka
{ op: 'AND', x: 'jx', y: 'jz', resolved: true, value: 0 }
Resolving 0
Resolving 1
Resolving la
{ op: 'AND', x: '1', y: 'kz', resolved: false }
Resolving 1
Resolving kz
{ op: 'AND', x: 'kw', y: 'ky', resolved: false }
Resolving kw
{ op: 'OR', x: 'kk', y: 'kv', resolved: false }
Resolving kk
{ op: 'OR', x: 'ki', y: 'kj', resolved: false }
Resolving ki
{ op: 'RSHIFT', x: 'jp', y: '1', resolved: false }
Resolving jp
{ op: 'OR', x: 'jn', y: 'jo', resolved: true, value: 49152 }
Resolving 1
Resolving kj
{ op: 'LSHIFT', x: 'kf', y: '15', resolved: false }
Resolving kf
{ op: 'AND', x: '1', y: 'ke', resolved: true, value: 0 }
Resolving 15
Resolving kv
{ op: 'AND', x: 'ks', y: 'ku', resolved: false }
Resolving ks
{ op: 'OR', x: 'kl', y: 'kr', resolved: false }
Resolving kl
{ op: 'RSHIFT', x: 'kk', y: '2', resolved: false }
Resolving kk
{ op: 'OR', x: 'ki', y: 'kj', resolved: true, value: 32768 }
Resolving 2
Resolving kr
{ op: 'AND', x: 'ko', y: 'kq', resolved: false }
Resolving ko
{ op: 'OR', x: 'km', y: 'kn', resolved: false }
Resolving km
{ op: 'RSHIFT', x: 'kk', y: '3', resolved: false }
Resolving kk
{ op: 'OR', x: 'ki', y: 'kj', resolved: true, value: 32768 }
Resolving 3
Resolving kn
{ op: 'RSHIFT', x: 'kk', y: '5', resolved: false }
Resolving kk
{ op: 'OR', x: 'ki', y: 'kj', resolved: true, value: 32768 }
Resolving 5
Resolving kq
{ op: 'NOT', x: 'kp', y: 0, resolved: false }
Resolving kp
{ op: 'AND', x: 'km', y: 'kn', resolved: false }
Resolving km
{ op: 'RSHIFT', x: 'kk', y: '3', resolved: true, value: 0 }
Resolving kn
{ op: 'RSHIFT', x: 'kk', y: '5', resolved: true, value: 0 }
Resolving 0
Resolving ku
{ op: 'NOT', x: 'kt', y: 0, resolved: false }
Resolving kt
{ op: 'AND', x: 'kl', y: 'kr', resolved: false }
Resolving kl
{ op: 'RSHIFT', x: 'kk', y: '2', resolved: true, value: 0 }
Resolving kr
{ op: 'AND', x: 'ko', y: 'kq', resolved: true, value: 0 }
Resolving 0
Resolving ky
{ op: 'NOT', x: 'kx', y: 0, resolved: false }
Resolving kx
{ op: 'AND', x: 'kk', y: 'kv', resolved: false }
Resolving kk
{ op: 'OR', x: 'ki', y: 'kj', resolved: true, value: 32768 }
Resolving kv
{ op: 'AND', x: 'ks', y: 'ku', resolved: true, value: 0 }
Resolving 0
Resolving 1
Resolving lv
{ op: 'AND', x: '1', y: 'lu', resolved: false }
Resolving 1
Resolving lu
{ op: 'AND', x: 'lr', y: 'lt', resolved: false }
Resolving lr
{ op: 'OR', x: 'lf', y: 'lq', resolved: false }
Resolving lf
{ op: 'OR', x: 'ld', y: 'le', resolved: false }
Resolving ld
{ op: 'RSHIFT', x: 'kk', y: '1', resolved: false }
Resolving kk
{ op: 'OR', x: 'ki', y: 'kj', resolved: true, value: 32768 }
Resolving 1
Resolving le
{ op: 'LSHIFT', x: 'la', y: '15', resolved: false }
Resolving la
{ op: 'AND', x: '1', y: 'kz', resolved: true, value: 0 }
Resolving 15
Resolving lq
{ op: 'AND', x: 'ln', y: 'lp', resolved: false }
Resolving ln
{ op: 'OR', x: 'lg', y: 'lm', resolved: false }
Resolving lg
{ op: 'RSHIFT', x: 'lf', y: '2', resolved: false }
Resolving lf
{ op: 'OR', x: 'ld', y: 'le', resolved: true, value: 0 }
Resolving 2
Resolving lm
{ op: 'AND', x: 'lj', y: 'll', resolved: false }
Resolving lj
{ op: 'OR', x: 'lh', y: 'li', resolved: false }
Resolving lh
{ op: 'RSHIFT', x: 'lf', y: '3', resolved: false }
Resolving lf
{ op: 'OR', x: 'ld', y: 'le', resolved: true, value: 0 }
Resolving 3
Resolving li
{ op: 'RSHIFT', x: 'lf', y: '5', resolved: false }
Resolving lf
{ op: 'OR', x: 'ld', y: 'le', resolved: true, value: 0 }
Resolving 5
Resolving ll
{ op: 'NOT', x: 'lk', y: 0, resolved: false }
Resolving lk
{ op: 'AND', x: 'lh', y: 'li', resolved: false }
Resolving lh
{ op: 'RSHIFT', x: 'lf', y: '3', resolved: true, value: 0 }
Resolving li
{ op: 'RSHIFT', x: 'lf', y: '5', resolved: true, value: 0 }
Resolving 0
Resolving lp
{ op: 'NOT', x: 'lo', y: 0, resolved: false }
Resolving lo
{ op: 'AND', x: 'lg', y: 'lm', resolved: false }
Resolving lg
{ op: 'RSHIFT', x: 'lf', y: '2', resolved: true, value: 0 }
Resolving lm
{ op: 'AND', x: 'lj', y: 'll', resolved: true, value: 0 }
Resolving 0
Resolving lt
{ op: 'NOT', x: 'ls', y: 0, resolved: false }
Resolving ls
{ op: 'AND', x: 'lf', y: 'lq', resolved: false }
Resolving lf
{ op: 'OR', x: 'ld', y: 'le', resolved: true, value: 0 }
Resolving lq
{ op: 'AND', x: 'ln', y: 'lp', resolved: true, value: 0 }
Resolving 0
Resolving 0
0
